This is pdfTeX, Version 3.14159265-2.6-1.40.18 (MiKTeX 2.9.6500 64-bit) (preloaded format=pdflatex 2017.12.16)  17 DEC 2017 15:43
entering extended mode
**./DeadlinesJournalVer.tex
(DeadlinesJournalVer.tex
LaTeX2e <2017-04-15>
Babel <3.15> and hyphenation patterns for 75 language(s) loaded.

(C:\Users\◊ú◊ô◊ê◊™\AppData\Roaming\MiKTeX\2.9\tex\latex\elsarticle\elsarticle.c
ls
Document Class: elsarticle 2009/09/17, 1.2.0: Elsevier Ltd
\@bls=\dimen102
("C:\Program Files\MiKTeX 2.9\tex\latex\base\article.cls"
Document Class: article 2014/09/29 v1.4h Standard LaTeX document class
("C:\Program Files\MiKTeX 2.9\tex\latex\base\size10.clo"
File: size10.clo 2014/09/29 v1.4h Standard LaTeX file (size option)
)
\c@part=\count79
\c@section=\count80
\c@subsection=\count81
\c@subsubsection=\count82
\c@paragraph=\count83
\c@subparagraph=\count84
\c@figure=\count85
\c@table=\count86
\abovecaptionskip=\skip41
\belowcaptionskip=\skip42
\bibindent=\dimen103
)
("C:\Program Files\MiKTeX 2.9\tex\latex\graphics\graphicx.sty"
Package: graphicx 2017/06/01 v1.1a Enhanced LaTeX Graphics (DPC,SPQR)

("C:\Program Files\MiKTeX 2.9\tex\latex\graphics\keyval.sty"
Package: keyval 2014/10/28 v1.15 key=value parser (DPC)
\KV@toks@=\toks14
)
("C:\Program Files\MiKTeX 2.9\tex\latex\graphics\graphics.sty"
Package: graphics 2017/06/25 v1.2c Standard LaTeX Graphics (DPC,SPQR)

("C:\Program Files\MiKTeX 2.9\tex\latex\graphics\trig.sty"
Package: trig 2016/01/03 v1.10 sin cos tan (DPC)
)
("C:\Program Files\MiKTeX 2.9\tex\latex\graphics-cfg\graphics.cfg"
File: graphics.cfg 2016/06/04 v1.11 sample graphics configuration
)
Package graphics Info: Driver file: pdftex.def on input line 99.

("C:\Program Files\MiKTeX 2.9\tex\latex\graphics-def\pdftex.def"
File: pdftex.def 2017/06/24 v1.0g Graphics/color driver for pdftex
))
\Gin@req@height=\dimen104
\Gin@req@width=\dimen105
)
("C:\Program Files\MiKTeX 2.9\tex\latex\psnfss\pifont.sty"
Package: pifont 2005/04/12 PSNFSS-v9.2a Pi font support (SPQR) 
LaTeX Font Info:    Try loading font information for U+pzd on input line 63.

("C:\Program Files\MiKTeX 2.9\tex\latex\psnfss\upzd.fd"
File: upzd.fd 2001/06/04 font definitions for U/pzd.
)
LaTeX Font Info:    Try loading font information for U+psy on input line 64.

("C:\Program Files\MiKTeX 2.9\tex\latex\psnfss\upsy.fd"
File: upsy.fd 2001/06/04 font definitions for U/psy.
))
\c@tnote=\count87
\c@fnote=\count88
\c@cnote=\count89
\c@ead=\count90
\c@author=\count91
\@eadauthor=\toks15
\c@affn=\count92
\absbox=\box26
\keybox=\box27
\Columnwidth=\dimen106
\space@left=\dimen107
\els@boxa=\box28
\els@boxb=\box29
\leftMargin=\dimen108
\@enLab=\toks16
\@sep=\skip43
\@@sep=\skip44

(DeadlinesJournalVer.spl)
(C:\Users\◊ú◊ô◊ê◊™\AppData\Roaming\MiKTeX\2.9\tex\latex\natbib\natbib.sty
Package: natbib 2010/09/13 8.31b (PWD, AO)
\bibhang=\skip45
\bibsep=\skip46
LaTeX Info: Redefining \cite on input line 694.
\c@NAT@ctr=\count93
)
\splwrite=\write3
\openout3 = `DeadlinesJournalVer.spl'.

)
(C:\Users\◊ú◊ô◊ê◊™\AppData\Roaming\MiKTeX\2.9\tex\latex\lineno\lineno.sty
Package: lineno 2005/11/02 line numbers on paragraphs v4.41
\linenopenalty=\count94
\output=\toks17
\linenoprevgraf=\count95
\linenumbersep=\dimen109
\linenumberwidth=\dimen110
\c@linenumber=\count96
\c@pagewiselinenumber=\count97
\c@LN@truepage=\count98
\c@internallinenumber=\count99
\c@internallinenumbers=\count100
\quotelinenumbersep=\dimen111
\bframerule=\dimen112
\bframesep=\dimen113
\bframebox=\box30
LaTeX Info: Redefining \\ on input line 3056.
)
("C:\Program Files\MiKTeX 2.9\tex\latex\hyperref\hyperref.sty"
Package: hyperref 2017/03/14 v6.85a Hypertext links for LaTeX

("C:\Program Files\MiKTeX 2.9\tex\generic\oberdiek\hobsub-hyperref.sty"
Package: hobsub-hyperref 2016/05/16 v1.14 Bundle oberdiek, subset hyperref (HO)


("C:\Program Files\MiKTeX 2.9\tex\generic\oberdiek\hobsub-generic.sty"
Package: hobsub-generic 2016/05/16 v1.14 Bundle oberdiek, subset generic (HO)
Package: hobsub 2016/05/16 v1.14 Construct package bundles (HO)
Package: infwarerr 2016/05/16 v1.4 Providing info/warning/error messages (HO)
Package: ltxcmds 2016/05/16 v1.23 LaTeX kernel commands for general use (HO)
Package: ifluatex 2016/05/16 v1.4 Provides the ifluatex switch (HO)
Package ifluatex Info: LuaTeX not detected.
Package: ifvtex 2016/05/16 v1.6 Detect VTeX and its facilities (HO)
Package ifvtex Info: VTeX not detected.
Package: intcalc 2016/05/16 v1.2 Expandable calculations with integers (HO)
Package: ifpdf 2017/03/15 v3.2 Provides the ifpdf switch
Package: etexcmds 2016/05/16 v1.6 Avoid name clashes with e-TeX commands (HO)
Package etexcmds Info: Could not find \expanded.
(etexcmds)             That can mean that you are not using pdfTeX 1.50 or
(etexcmds)             that some package has redefined \expanded.
(etexcmds)             In the latter case, load this package earlier.
Package: kvsetkeys 2016/05/16 v1.17 Key value parser (HO)
Package: kvdefinekeys 2016/05/16 v1.4 Define keys (HO)
Package: pdftexcmds 2017/03/19 v0.25 Utility functions of pdfTeX for LuaTeX (HO
)
Package pdftexcmds Info: LuaTeX not detected.
Package pdftexcmds Info: \pdf@primitive is available.
Package pdftexcmds Info: \pdf@ifprimitive is available.
Package pdftexcmds Info: \pdfdraftmode found.
Package: pdfescape 2016/05/16 v1.14 Implements pdfTeX's escape features (HO)
Package: bigintcalc 2016/05/16 v1.4 Expandable calculations on big integers (HO
)
Package: bitset 2016/05/16 v1.2 Handle bit-vector datatype (HO)
Package: uniquecounter 2016/05/16 v1.3 Provide unlimited unique counter (HO)
)
Package hobsub Info: Skipping package `hobsub' (already loaded).
Package: letltxmacro 2016/05/16 v1.5 Let assignment for LaTeX macros (HO)
Package: hopatch 2016/05/16 v1.3 Wrapper for package hooks (HO)
Package: xcolor-patch 2016/05/16 xcolor patch
Package: atveryend 2016/05/16 v1.9 Hooks at the very end of document (HO)
Package atveryend Info: \enddocument detected (standard20110627).
Package: atbegshi 2016/06/09 v1.18 At begin shipout hook (HO)
Package: refcount 2016/05/16 v3.5 Data extraction from label references (HO)
Package: hycolor 2016/05/16 v1.8 Color options for hyperref/bookmark (HO)
)
("C:\Program Files\MiKTeX 2.9\tex\generic\ifxetex\ifxetex.sty"
Package: ifxetex 2010/09/12 v0.6 Provides ifxetex conditional
)
("C:\Program Files\MiKTeX 2.9\tex\latex\oberdiek\auxhook.sty"
Package: auxhook 2016/05/16 v1.4 Hooks for auxiliary files (HO)
)
("C:\Program Files\MiKTeX 2.9\tex\latex\oberdiek\kvoptions.sty"
Package: kvoptions 2016/05/16 v3.12 Key value format for package options (HO)
)
\@linkdim=\dimen114
\Hy@linkcounter=\count101
\Hy@pagecounter=\count102

("C:\Program Files\MiKTeX 2.9\tex\latex\hyperref\pd1enc.def"
File: pd1enc.def 2017/03/14 v6.85a Hyperref: PDFDocEncoding definition (HO)
)
\Hy@SavedSpaceFactor=\count103

("C:\Program Files\MiKTeX 2.9\tex\latex\00miktex\hyperref.cfg"
File: hyperref.cfg 2002/06/06 v1.2 hyperref configuration of TeXLive
)
Package hyperref Info: Hyper figures OFF on input line 4498.
Package hyperref Info: Link nesting OFF on input line 4503.
Package hyperref Info: Hyper index ON on input line 4506.
Package hyperref Info: Plain pages OFF on input line 4513.
Package hyperref Info: Backreferencing OFF on input line 4518.
Package hyperref Info: Implicit mode ON; LaTeX internals redefined.
Package hyperref Info: Bookmarks ON on input line 4751.
\c@Hy@tempcnt=\count104

(C:\Users\◊ú◊ô◊ê◊™\AppData\Roaming\MiKTeX\2.9\tex\latex\url\url.sty
\Urlmuskip=\muskip10
Package: url 2013/09/16  ver 3.4  Verb mode for urls, etc.
)
LaTeX Info: Redefining \url on input line 5104.
\XeTeXLinkMargin=\dimen115
\Fld@menulength=\count105
\Field@Width=\dimen116
\Fld@charsize=\dimen117
Package hyperref Info: Hyper figures OFF on input line 6358.
Package hyperref Info: Link nesting OFF on input line 6363.
Package hyperref Info: Hyper index ON on input line 6366.
Package hyperref Info: backreferencing OFF on input line 6373.
Package hyperref Info: Link coloring OFF on input line 6378.
Package hyperref Info: Link coloring with OCG OFF on input line 6383.
Package hyperref Info: PDF/A mode OFF on input line 6388.
LaTeX Info: Redefining \ref on input line 6428.
LaTeX Info: Redefining \pageref on input line 6432.
\Hy@abspage=\count106
\c@Item=\count107
\c@Hfootnote=\count108
)

Package hyperref Message: Driver (autodetected): hpdftex.

("C:\Program Files\MiKTeX 2.9\tex\latex\hyperref\hpdftex.def"
File: hpdftex.def 2017/03/14 v6.85a Hyperref driver for pdfTeX
\Fld@listcount=\count109
\c@bookmark@seq@number=\count110

("C:\Program Files\MiKTeX 2.9\tex\latex\oberdiek\rerunfilecheck.sty"
Package: rerunfilecheck 2016/05/16 v1.8 Rerun checks for auxiliary files (HO)
Package uniquecounter Info: New unique counter `rerunfilecheck' on input line 2
82.
)
\Hy@SectionHShift=\skip47
)
("C:\Program Files\MiKTeX 2.9\tex\latex\psnfss\times.sty"
Package: times 2005/04/12 PSNFSS-v9.2a (SPQR) 
)
("C:\Program Files\MiKTeX 2.9\tex\latex\base\latexsym.sty"
Package: latexsym 1998/08/17 v2.2e Standard LaTeX package (lasy symbols)
\symlasy=\mathgroup4
LaTeX Font Info:    Overwriting symbol font `lasy' in version `bold'
(Font)                  U/lasy/m/n --> U/lasy/b/n on input line 52.
)
("C:\Program Files\MiKTeX 2.9\tex\latex\multirow\multirow.sty"
Package: multirow 2016/11/25 v2.2 Span multiple rows of a table
\multirow@colwidth=\skip48
\multirow@cntb=\count111
\multirow@dima=\skip49
\bigstrutjot=\dimen118
)
("C:\Program Files\MiKTeX 2.9\tex\latex\graphics\color.sty"
Package: color 2016/07/10 v1.1e Standard LaTeX Color (DPC)

("C:\Program Files\MiKTeX 2.9\tex\latex\graphics-cfg\color.cfg"
File: color.cfg 2016/01/02 v1.6 sample color configuration
)
Package color Info: Driver file: pdftex.def on input line 147.
)
(C:\Users\◊ú◊ô◊ê◊™\AppData\Roaming\MiKTeX\2.9\tex\latex\soul\soul.sty
Package: soul 2003/11/17 v2.4 letterspacing/underlining (mf)
\SOUL@word=\toks18
\SOUL@lasttoken=\toks19
\SOUL@cmds=\toks20
\SOUL@buffer=\toks21
\SOUL@token=\toks22
\SOUL@spaceskip=\skip50
\SOUL@ttwidth=\dimen119
\SOUL@uldp=\dimen120
\SOUL@ulht=\dimen121
)
(C:\Users\◊ú◊ô◊ê◊™\AppData\Roaming\MiKTeX\2.9\tex\latex\todonotes\todonotes.sty
Package: todonotes 2015/07/09 .dtx Todonotes source and documentation.
Package: todonotes 2012/07/25
("C:\Program Files\MiKTeX 2.9\tex\latex\base\ifthen.sty"
Package: ifthen 2014/09/29 v1.1c Standard LaTeX ifthen package (DPC)
)
("C:\Program Files\MiKTeX 2.9\tex\latex\xkeyval\xkeyval.sty"
Package: xkeyval 2014/12/03 v2.7a package option processing (HA)

("C:\Program Files\MiKTeX 2.9\tex\generic\xkeyval\xkeyval.tex"
("C:\Program Files\MiKTeX 2.9\tex\generic\xkeyval\xkvutils.tex"
\XKV@toks=\toks23
\XKV@tempa@toks=\toks24
)
\XKV@depth=\count112
File: xkeyval.tex 2014/12/03 v2.7a key=value parser (HA)
))
(C:\Users\◊ú◊ô◊ê◊™\AppData\Roaming\MiKTeX\2.9\tex\latex\xcolor\xcolor.sty
Package: xcolor 2016/05/11 v2.12 LaTeX color extensions (UK)

("C:\Program Files\MiKTeX 2.9\tex\latex\graphics-cfg\color.cfg"
File: color.cfg 2016/01/02 v1.6 sample color configuration
)
Package xcolor Info: Driver file: pdftex.def on input line 225.
LaTeX Info: Redefining \color on input line 709.
Package xcolor Info: Model `cmy' substituted by `cmy0' on input line 1348.
Package xcolor Info: Model `hsb' substituted by `rgb' on input line 1352.
Package xcolor Info: Model `RGB' extended on input line 1364.
Package xcolor Info: Model `HTML' substituted by `rgb' on input line 1366.
Package xcolor Info: Model `Hsb' substituted by `hsb' on input line 1367.
Package xcolor Info: Model `tHsb' substituted by `hsb' on input line 1368.
Package xcolor Info: Model `HSB' substituted by `hsb' on input line 1369.
Package xcolor Info: Model `Gray' substituted by `gray' on input line 1370.
Package xcolor Info: Model `wave' substituted by `hsb' on input line 1371.
)
(C:\Users\◊ú◊ô◊ê◊™\AppData\Roaming\MiKTeX\2.9\tex\latex\pgf\frontendlayer\tikz.
sty
(C:\Users\◊ú◊ô◊ê◊™\AppData\Roaming\MiKTeX\2.9\tex\latex\pgf\basiclayer\pgf.sty
(C:\Users\◊ú◊ô◊ê◊™\AppData\Roaming\MiKTeX\2.9\tex\latex\pgf\utilities\pgfrcs.st
y
(C:\Users\◊ú◊ô◊ê◊™\AppData\Roaming\MiKTeX\2.9\tex\generic\pgf\utilities\pgfutil
-common.tex
\pgfutil@everybye=\toks25
\pgfutil@tempdima=\dimen122
\pgfutil@tempdimb=\dimen123

(C:\Users\◊ú◊ô◊ê◊™\AppData\Roaming\MiKTeX\2.9\tex\generic\pgf\utilities\pgfutil
-common-lists.tex))
(C:\Users\◊ú◊ô◊ê◊™\AppData\Roaming\MiKTeX\2.9\tex\generic\pgf\utilities\pgfutil
-latex.def
\pgfutil@abb=\box31

(C:\Users\◊ú◊ô◊ê◊™\AppData\Roaming\MiKTeX\2.9\tex\latex\ms\everyshi.sty
Package: everyshi 2001/05/15 v3.00 EveryShipout Package (MS)
))
(C:\Users\◊ú◊ô◊ê◊™\AppData\Roaming\MiKTeX\2.9\tex\generic\pgf\utilities\pgfrcs.
code.tex
Package: pgfrcs 2015/08/07 v3.0.1a (rcs-revision 1.31)
))
Package: pgf 2015/08/07 v3.0.1a (rcs-revision 1.15)

(C:\Users\◊ú◊ô◊ê◊™\AppData\Roaming\MiKTeX\2.9\tex\latex\pgf\basiclayer\pgfcore.
sty
(C:\Users\◊ú◊ô◊ê◊™\AppData\Roaming\MiKTeX\2.9\tex\latex\pgf\systemlayer\pgfsys.
sty
(C:\Users\◊ú◊ô◊ê◊™\AppData\Roaming\MiKTeX\2.9\tex\generic\pgf\systemlayer\pgfsy
s.code.tex
Package: pgfsys 2014/07/09 v3.0.1a (rcs-revision 1.48)

(C:\Users\◊ú◊ô◊ê◊™\AppData\Roaming\MiKTeX\2.9\tex\generic\pgf\utilities\pgfkeys
.code.tex
\pgfkeys@pathtoks=\toks26
\pgfkeys@temptoks=\toks27

(C:\Users\◊ú◊ô◊ê◊™\AppData\Roaming\MiKTeX\2.9\tex\generic\pgf\utilities\pgfkeys
filtered.code.tex
\pgfkeys@tmptoks=\toks28
))
\pgf@x=\dimen124
\pgf@y=\dimen125
\pgf@xa=\dimen126
\pgf@ya=\dimen127
\pgf@xb=\dimen128
\pgf@yb=\dimen129
\pgf@xc=\dimen130
\pgf@yc=\dimen131
\w@pgf@writea=\write4
\r@pgf@reada=\read1
\c@pgf@counta=\count113
\c@pgf@countb=\count114
\c@pgf@countc=\count115
\c@pgf@countd=\count116
\t@pgf@toka=\toks29
\t@pgf@tokb=\toks30
\t@pgf@tokc=\toks31

(C:\Users\◊ú◊ô◊ê◊™\AppData\Roaming\MiKTeX\2.9\tex\generic\pgf\systemlayer\pgf.c
fg
File: pgf.cfg 2008/05/14  (rcs-revision 1.7)
)
Driver file for pgf: pgfsys-pdftex.def

(C:\Users\◊ú◊ô◊ê◊™\AppData\Roaming\MiKTeX\2.9\tex\generic\pgf\systemlayer\pgfsy
s-pdftex.def
File: pgfsys-pdftex.def 2014/10/11  (rcs-revision 1.35)

(C:\Users\◊ú◊ô◊ê◊™\AppData\Roaming\MiKTeX\2.9\tex\generic\pgf\systemlayer\pgfsy
s-common-pdf.def
File: pgfsys-common-pdf.def 2013/10/10  (rcs-revision 1.13)
)))
(C:\Users\◊ú◊ô◊ê◊™\AppData\Roaming\MiKTeX\2.9\tex\generic\pgf\systemlayer\pgfsy
ssoftpath.code.tex
File: pgfsyssoftpath.code.tex 2013/09/09  (rcs-revision 1.9)
\pgfsyssoftpath@smallbuffer@items=\count117
\pgfsyssoftpath@bigbuffer@items=\count118
)
(C:\Users\◊ú◊ô◊ê◊™\AppData\Roaming\MiKTeX\2.9\tex\generic\pgf\systemlayer\pgfsy
sprotocol.code.tex
File: pgfsysprotocol.code.tex 2006/10/16  (rcs-revision 1.4)
))
(C:\Users\◊ú◊ô◊ê◊™\AppData\Roaming\MiKTeX\2.9\tex\generic\pgf\basiclayer\pgfcor
e.code.tex
Package: pgfcore 2010/04/11 v3.0.1a (rcs-revision 1.7)

(C:\Users\◊ú◊ô◊ê◊™\AppData\Roaming\MiKTeX\2.9\tex\generic\pgf\math\pgfmath.code
.tex
(C:\Users\◊ú◊ô◊ê◊™\AppData\Roaming\MiKTeX\2.9\tex\generic\pgf\math\pgfmathcalc.
code.tex
(C:\Users\◊ú◊ô◊ê◊™\AppData\Roaming\MiKTeX\2.9\tex\generic\pgf\math\pgfmathutil.
code.tex)
(C:\Users\◊ú◊ô◊ê◊™\AppData\Roaming\MiKTeX\2.9\tex\generic\pgf\math\pgfmathparse
r.code.tex
\pgfmath@dimen=\dimen132
\pgfmath@count=\count119
\pgfmath@box=\box32
\pgfmath@toks=\toks32
\pgfmath@stack@operand=\toks33
\pgfmath@stack@operation=\toks34
)
(C:\Users\◊ú◊ô◊ê◊™\AppData\Roaming\MiKTeX\2.9\tex\generic\pgf\math\pgfmathfunct
ions.code.tex
(C:\Users\◊ú◊ô◊ê◊™\AppData\Roaming\MiKTeX\2.9\tex\generic\pgf\math\pgfmathfunct
ions.basic.code.tex)
(C:\Users\◊ú◊ô◊ê◊™\AppData\Roaming\MiKTeX\2.9\tex\generic\pgf\math\pgfmathfunct
ions.trigonometric.code.tex)
(C:\Users\◊ú◊ô◊ê◊™\AppData\Roaming\MiKTeX\2.9\tex\generic\pgf\math\pgfmathfunct
ions.random.code.tex)
(C:\Users\◊ú◊ô◊ê◊™\AppData\Roaming\MiKTeX\2.9\tex\generic\pgf\math\pgfmathfunct
ions.comparison.code.tex)
(C:\Users\◊ú◊ô◊ê◊™\AppData\Roaming\MiKTeX\2.9\tex\generic\pgf\math\pgfmathfunct
ions.base.code.tex)
(C:\Users\◊ú◊ô◊ê◊™\AppData\Roaming\MiKTeX\2.9\tex\generic\pgf\math\pgfmathfunct
ions.round.code.tex)
(C:\Users\◊ú◊ô◊ê◊™\AppData\Roaming\MiKTeX\2.9\tex\generic\pgf\math\pgfmathfunct
ions.misc.code.tex)
(C:\Users\◊ú◊ô◊ê◊™\AppData\Roaming\MiKTeX\2.9\tex\generic\pgf\math\pgfmathfunct
ions.integerarithmetics.code.tex)))
(C:\Users\◊ú◊ô◊ê◊™\AppData\Roaming\MiKTeX\2.9\tex\generic\pgf\math\pgfmathfloat
.code.tex
\c@pgfmathroundto@lastzeros=\count120
))
(C:\Users\◊ú◊ô◊ê◊™\AppData\Roaming\MiKTeX\2.9\tex\generic\pgf\basiclayer\pgfcor
epoints.code.tex
File: pgfcorepoints.code.tex 2013/10/07  (rcs-revision 1.27)
\pgf@picminx=\dimen133
\pgf@picmaxx=\dimen134
\pgf@picminy=\dimen135
\pgf@picmaxy=\dimen136
\pgf@pathminx=\dimen137
\pgf@pathmaxx=\dimen138
\pgf@pathminy=\dimen139
\pgf@pathmaxy=\dimen140
\pgf@xx=\dimen141
\pgf@xy=\dimen142
\pgf@yx=\dimen143
\pgf@yy=\dimen144
\pgf@zx=\dimen145
\pgf@zy=\dimen146
)
(C:\Users\◊ú◊ô◊ê◊™\AppData\Roaming\MiKTeX\2.9\tex\generic\pgf\basiclayer\pgfcor
epathconstruct.code.tex
File: pgfcorepathconstruct.code.tex 2013/10/07  (rcs-revision 1.29)
\pgf@path@lastx=\dimen147
\pgf@path@lasty=\dimen148
)
(C:\Users\◊ú◊ô◊ê◊™\AppData\Roaming\MiKTeX\2.9\tex\generic\pgf\basiclayer\pgfcor
epathusage.code.tex
File: pgfcorepathusage.code.tex 2014/11/02  (rcs-revision 1.24)
\pgf@shorten@end@additional=\dimen149
\pgf@shorten@start@additional=\dimen150
)
(C:\Users\◊ú◊ô◊ê◊™\AppData\Roaming\MiKTeX\2.9\tex\generic\pgf\basiclayer\pgfcor
escopes.code.tex
File: pgfcorescopes.code.tex 2015/05/08  (rcs-revision 1.46)
\pgfpic=\box33
\pgf@hbox=\box34
\pgf@layerbox@main=\box35
\pgf@picture@serial@count=\count121
)
(C:\Users\◊ú◊ô◊ê◊™\AppData\Roaming\MiKTeX\2.9\tex\generic\pgf\basiclayer\pgfcor
egraphicstate.code.tex
File: pgfcoregraphicstate.code.tex 2014/11/02  (rcs-revision 1.12)
\pgflinewidth=\dimen151
)
(C:\Users\◊ú◊ô◊ê◊™\AppData\Roaming\MiKTeX\2.9\tex\generic\pgf\basiclayer\pgfcor
etransformations.code.tex
File: pgfcoretransformations.code.tex 2015/08/07  (rcs-revision 1.20)
\pgf@pt@x=\dimen152
\pgf@pt@y=\dimen153
\pgf@pt@temp=\dimen154
)
(C:\Users\◊ú◊ô◊ê◊™\AppData\Roaming\MiKTeX\2.9\tex\generic\pgf\basiclayer\pgfcor
equick.code.tex
File: pgfcorequick.code.tex 2008/10/09  (rcs-revision 1.3)
)
(C:\Users\◊ú◊ô◊ê◊™\AppData\Roaming\MiKTeX\2.9\tex\generic\pgf\basiclayer\pgfcor
eobjects.code.tex
File: pgfcoreobjects.code.tex 2006/10/11  (rcs-revision 1.2)
)
(C:\Users\◊ú◊ô◊ê◊™\AppData\Roaming\MiKTeX\2.9\tex\generic\pgf\basiclayer\pgfcor
epathprocessing.code.tex
File: pgfcorepathprocessing.code.tex 2013/09/09  (rcs-revision 1.9)
)
(C:\Users\◊ú◊ô◊ê◊™\AppData\Roaming\MiKTeX\2.9\tex\generic\pgf\basiclayer\pgfcor
earrows.code.tex
File: pgfcorearrows.code.tex 2015/05/14  (rcs-revision 1.43)
\pgfarrowsep=\dimen155
)
(C:\Users\◊ú◊ô◊ê◊™\AppData\Roaming\MiKTeX\2.9\tex\generic\pgf\basiclayer\pgfcor
eshade.code.tex
File: pgfcoreshade.code.tex 2013/07/15  (rcs-revision 1.15)
\pgf@max=\dimen156
\pgf@sys@shading@range@num=\count122
)
(C:\Users\◊ú◊ô◊ê◊™\AppData\Roaming\MiKTeX\2.9\tex\generic\pgf\basiclayer\pgfcor
eimage.code.tex
File: pgfcoreimage.code.tex 2013/07/15  (rcs-revision 1.18)

(C:\Users\◊ú◊ô◊ê◊™\AppData\Roaming\MiKTeX\2.9\tex\generic\pgf\basiclayer\pgfcor
eexternal.code.tex
File: pgfcoreexternal.code.tex 2014/07/09  (rcs-revision 1.21)
\pgfexternal@startupbox=\box36
))
(C:\Users\◊ú◊ô◊ê◊™\AppData\Roaming\MiKTeX\2.9\tex\generic\pgf\basiclayer\pgfcor
elayers.code.tex
File: pgfcorelayers.code.tex 2013/07/18  (rcs-revision 1.7)
)
(C:\Users\◊ú◊ô◊ê◊™\AppData\Roaming\MiKTeX\2.9\tex\generic\pgf\basiclayer\pgfcor
etransparency.code.tex
File: pgfcoretransparency.code.tex 2013/09/30  (rcs-revision 1.5)
)
(C:\Users\◊ú◊ô◊ê◊™\AppData\Roaming\MiKTeX\2.9\tex\generic\pgf\basiclayer\pgfcor
epatterns.code.tex
File: pgfcorepatterns.code.tex 2013/11/07  (rcs-revision 1.5)
)))
(C:\Users\◊ú◊ô◊ê◊™\AppData\Roaming\MiKTeX\2.9\tex\generic\pgf\modules\pgfmodule
shapes.code.tex
File: pgfmoduleshapes.code.tex 2014/03/21  (rcs-revision 1.35)
\pgfnodeparttextbox=\box37
)
(C:\Users\◊ú◊ô◊ê◊™\AppData\Roaming\MiKTeX\2.9\tex\generic\pgf\modules\pgfmodule
plot.code.tex
File: pgfmoduleplot.code.tex 2015/08/03  (rcs-revision 1.13)
)
(C:\Users\◊ú◊ô◊ê◊™\AppData\Roaming\MiKTeX\2.9\tex\latex\pgf\compatibility\pgfco
mp-version-0-65.sty
Package: pgfcomp-version-0-65 2007/07/03 v3.0.1a (rcs-revision 1.7)
\pgf@nodesepstart=\dimen157
\pgf@nodesepend=\dimen158
)
(C:\Users\◊ú◊ô◊ê◊™\AppData\Roaming\MiKTeX\2.9\tex\latex\pgf\compatibility\pgfco
mp-version-1-18.sty
Package: pgfcomp-version-1-18 2007/07/23 v3.0.1a (rcs-revision 1.1)
))
(C:\Users\◊ú◊ô◊ê◊™\AppData\Roaming\MiKTeX\2.9\tex\latex\pgf\utilities\pgffor.st
y
(C:\Users\◊ú◊ô◊ê◊™\AppData\Roaming\MiKTeX\2.9\tex\latex\pgf\utilities\pgfkeys.s
ty
(C:\Users\◊ú◊ô◊ê◊™\AppData\Roaming\MiKTeX\2.9\tex\generic\pgf\utilities\pgfkeys
.code.tex))
(C:\Users\◊ú◊ô◊ê◊™\AppData\Roaming\MiKTeX\2.9\tex\latex\pgf\math\pgfmath.sty
(C:\Users\◊ú◊ô◊ê◊™\AppData\Roaming\MiKTeX\2.9\tex\generic\pgf\math\pgfmath.code
.tex))
(C:\Users\◊ú◊ô◊ê◊™\AppData\Roaming\MiKTeX\2.9\tex\generic\pgf\utilities\pgffor.
code.tex
Package: pgffor 2013/12/13 v3.0.1a (rcs-revision 1.25)

(C:\Users\◊ú◊ô◊ê◊™\AppData\Roaming\MiKTeX\2.9\tex\generic\pgf\math\pgfmath.code
.tex)
\pgffor@iter=\dimen159
\pgffor@skip=\dimen160
\pgffor@stack=\toks35
\pgffor@toks=\toks36
))
(C:\Users\◊ú◊ô◊ê◊™\AppData\Roaming\MiKTeX\2.9\tex\generic\pgf\frontendlayer\tik
z\tikz.code.tex
Package: tikz 2015/08/07 v3.0.1a (rcs-revision 1.151)

(C:\Users\◊ú◊ô◊ê◊™\AppData\Roaming\MiKTeX\2.9\tex\generic\pgf\libraries\pgflibr
aryplothandlers.code.tex
File: pgflibraryplothandlers.code.tex 2013/08/31 v3.0.1a (rcs-revision 1.20)
\pgf@plot@mark@count=\count123
\pgfplotmarksize=\dimen161
)
\tikz@lastx=\dimen162
\tikz@lasty=\dimen163
\tikz@lastxsaved=\dimen164
\tikz@lastysaved=\dimen165
\tikzleveldistance=\dimen166
\tikzsiblingdistance=\dimen167
\tikz@figbox=\box38
\tikz@figbox@bg=\box39
\tikz@tempbox=\box40
\tikz@tempbox@bg=\box41
\tikztreelevel=\count124
\tikznumberofchildren=\count125
\tikznumberofcurrentchild=\count126
\tikz@fig@count=\count127

(C:\Users\◊ú◊ô◊ê◊™\AppData\Roaming\MiKTeX\2.9\tex\generic\pgf\modules\pgfmodule
matrix.code.tex
File: pgfmodulematrix.code.tex 2013/09/17  (rcs-revision 1.8)
\pgfmatrixcurrentrow=\count128
\pgfmatrixcurrentcolumn=\count129
\pgf@matrix@numberofcolumns=\count130
)
\tikz@expandcount=\count131

(C:\Users\◊ú◊ô◊ê◊™\AppData\Roaming\MiKTeX\2.9\tex\generic\pgf\frontendlayer\tik
z\libraries\tikzlibrarytopaths.code.tex
File: tikzlibrarytopaths.code.tex 2008/06/17 v3.0.1a (rcs-revision 1.2)
)))
(C:\Users\◊ú◊ô◊ê◊™\AppData\Roaming\MiKTeX\2.9\tex\generic\pgf\frontendlayer\tik
z\libraries\tikzlibrarypositioning.code.tex
File: tikzlibrarypositioning.code.tex 2008/10/06 v3.0.1a (rcs-revision 1.7)
)
("C:\Program Files\MiKTeX 2.9\tex\latex\tools\calc.sty"
Package: calc 2014/10/28 v4.3 Infix arithmetic (KKT,FJ)
\calc@Acount=\count132
\calc@Bcount=\count133
\calc@Adimen=\dimen168
\calc@Bdimen=\dimen169
\calc@Askip=\skip51
\calc@Bskip=\skip52
LaTeX Info: Redefining \setlength on input line 80.
LaTeX Info: Redefining \addtolength on input line 81.
\calc@Ccount=\count134
\calc@Cskip=\skip53
)
\c@@todonotes@numberoftodonotes=\count135
)
("C:\Program Files\MiKTeX 2.9\tex\latex\amsmath\amsmath.sty"
Package: amsmath 2017/09/02 v2.17a AMS math features
\@mathmargin=\skip54

For additional information on amsmath, use the `?' option.
("C:\Program Files\MiKTeX 2.9\tex\latex\amsmath\amstext.sty"
Package: amstext 2000/06/29 v2.01 AMS text

("C:\Program Files\MiKTeX 2.9\tex\latex\amsmath\amsgen.sty"
File: amsgen.sty 1999/11/30 v2.0 generic functions
\@emptytoks=\toks37
\ex@=\dimen170
))
("C:\Program Files\MiKTeX 2.9\tex\latex\amsmath\amsbsy.sty"
Package: amsbsy 1999/11/29 v1.2d Bold Symbols
\pmbraise@=\dimen171
)
("C:\Program Files\MiKTeX 2.9\tex\latex\amsmath\amsopn.sty"
Package: amsopn 2016/03/08 v2.02 operator names
)
\inf@bad=\count136
LaTeX Info: Redefining \frac on input line 213.
\uproot@=\count137
\leftroot@=\count138
LaTeX Info: Redefining \overline on input line 375.
\classnum@=\count139
\DOTSCASE@=\count140
LaTeX Info: Redefining \ldots on input line 472.
LaTeX Info: Redefining \dots on input line 475.
LaTeX Info: Redefining \cdots on input line 596.
\Mathstrutbox@=\box42
\strutbox@=\box43
\big@size=\dimen172
LaTeX Font Info:    Redeclaring font encoding OML on input line 712.
LaTeX Font Info:    Redeclaring font encoding OMS on input line 713.
\macc@depth=\count141
\c@MaxMatrixCols=\count142
\dotsspace@=\muskip11
\c@parentequation=\count143
\dspbrk@lvl=\count144
\tag@help=\toks38
\row@=\count145
\column@=\count146
\maxfields@=\count147
\andhelp@=\toks39
\eqnshift@=\dimen173
\alignsep@=\dimen174
\tagshift@=\dimen175
\tagwidth@=\dimen176
\totwidth@=\dimen177
\lineht@=\dimen178
\@envbody=\toks40
\multlinegap=\skip55
\multlinetaggap=\skip56
\mathdisplay@stack=\toks41
LaTeX Info: Redefining \[ on input line 2817.
LaTeX Info: Redefining \] on input line 2818.
)
("C:\Program Files\MiKTeX 2.9\tex\latex\amsfonts\amssymb.sty"
Package: amssymb 2013/01/14 v3.01 AMS font symbols

("C:\Program Files\MiKTeX 2.9\tex\latex\amsfonts\amsfonts.sty"
Package: amsfonts 2013/01/14 v3.01 Basic AMSFonts support
\symAMSa=\mathgroup5
\symAMSb=\mathgroup6
LaTeX Font Info:    Overwriting math alphabet `\mathfrak' in version `bold'
(Font)                  U/euf/m/n --> U/euf/b/n on input line 106.
))
("C:\Program Files\MiKTeX 2.9\tex\latex\jknappen\mathrsfs.sty"
Package: mathrsfs 1996/01/01 Math RSFS package v1.0 (jk)
\symrsfs=\mathgroup7
)
(C:\Users\◊ú◊ô◊ê◊™\AppData\Roaming\MiKTeX\2.9\tex\latex\framed\framed.sty
Package: framed 2011/10/22 v 0.96: framed or shaded text with page breaks
\OuterFrameSep=\skip57
\fb@frw=\dimen179
\fb@frh=\dimen180
\FrameRule=\dimen181
\FrameSep=\dimen182
)
(C:\Users\◊ú◊ô◊ê◊™\AppData\Roaming\MiKTeX\2.9\tex\generic\pgf\frontendlayer\tik
z\libraries\tikzlibraryarrows.code.tex
File: tikzlibraryarrows.code.tex 2008/01/09 v3.0.1a (rcs-revision 1.1)

(C:\Users\◊ú◊ô◊ê◊™\AppData\Roaming\MiKTeX\2.9\tex\generic\pgf\libraries\pgflibr
aryarrows.code.tex
File: pgflibraryarrows.code.tex 2013/09/23 v3.0.1a (rcs-revision 1.16)
\arrowsize=\dimen183
))
(C:\Users\◊ú◊ô◊ê◊™\AppData\Roaming\MiKTeX\2.9\tex\generic\pgf\frontendlayer\tik
z\libraries\tikzlibraryshapes.geometric.code.tex
File: tikzlibraryshapes.geometric.code.tex 2008/01/09 v3.0.1a (rcs-revision 1.1
)

(C:\Users\◊ú◊ô◊ê◊™\AppData\Roaming\MiKTeX\2.9\tex\generic\pgf\libraries\shapes\
pgflibraryshapes.geometric.code.tex
File: pgflibraryshapes.geometric.code.tex 2008/06/26 v3.0.1a (rcs-revision 1.1)

))
(C:\Users\◊ú◊ô◊ê◊™\AppData\Roaming\MiKTeX\2.9\tex\generic\pgf\frontendlayer\tik
z\libraries\tikzlibraryshapes.arrows.code.tex
File: tikzlibraryshapes.arrows.code.tex 2008/01/09 v3.0.1a (rcs-revision 1.1)

(C:\Users\◊ú◊ô◊ê◊™\AppData\Roaming\MiKTeX\2.9\tex\generic\pgf\libraries\shapes\
pgflibraryshapes.arrows.code.tex
File: pgflibraryshapes.arrows.code.tex 2008/06/26 v3.0.1a (rcs-revision 1.1)
))
("C:\Program Files\MiKTeX 2.9\tex\latex\amscls\amsthm.sty"
Package: amsthm 2015/03/04 v2.20.2
\thm@style=\toks42
\thm@bodyfont=\toks43
\thm@headfont=\toks44
\thm@notefont=\toks45
\thm@headpunct=\toks46
\thm@preskip=\skip58
\thm@postskip=\skip59
\thm@headsep=\skip60
\dth@everypar=\toks47
LaTeX Info: Redefining \qed on input line 264.
)
(C:\Users\◊ú◊ô◊ê◊™\AppData\Roaming\MiKTeX\2.9\tex\latex\algorithm2e\algorithm2e
.sty
Package: algorithm2e 2017/07/18 v5.2 algorithms environments
\c@AlgoLine=\count148
\algocf@hangindent=\skip61

(C:\Users\◊ú◊ô◊ê◊™\AppData\Roaming\MiKTeX\2.9\tex\latex\ifoddpage\ifoddpage.sty
Package: ifoddpage 2016/04/23 v1.1 Conditionals for odd/even page detection
\c@checkoddpage=\count149
) ("C:\Program Files\MiKTeX 2.9\tex\latex\tools\xspace.sty"
Package: xspace 2014/10/28 v1.13 Space after command names (DPC,MH)
)
("C:\Program Files\MiKTeX 2.9\tex\latex\ltxmisc\relsize.sty"
Package: relsize 2003/07/04 ver 3.1
)
\skiptotal=\skip62
\skiplinenumber=\skip63
\skiprule=\skip64
\skiphlne=\skip65
\skiptext=\skip66
\skiplength=\skip67
\algomargin=\skip68
\skipalgocfslide=\skip69
\algowidth=\dimen184
\inoutsize=\dimen185
\inoutindent=\dimen186
\interspacetitleruled=\dimen187
\interspacealgoruled=\dimen188
\interspacetitleboxruled=\dimen189
\algocf@ruledwidth=\skip70
\algocf@inoutbox=\box44
\algocf@inputbox=\box45
\AlCapSkip=\skip71
\AlCapHSkip=\skip72
\algoskipindent=\skip73
\algocf@nlbox=\box46
\algocf@hangingbox=\box47
\algocf@untilbox=\box48
\algocf@skipuntil=\skip74
\algocf@capbox=\box49
\algocf@lcaptionbox=\skip75
\algoheightruledefault=\skip76
\algoheightrule=\skip77
\algotitleheightruledefault=\skip78
\algotitleheightrule=\skip79
\c@algocfline=\count150
\c@algocfproc=\count151
\c@algocf=\count152
\algocf@algoframe=\box50
\algocf@algobox=\box51
)
(C:\Users\◊ú◊ô◊ê◊™\AppData\Roaming\MiKTeX\2.9\tex\latex\makecell\makecell.sty
Package: makecell 2009/08/03 V0.1e Managing of Tab Column Heads and Cells

("C:\Program Files\MiKTeX 2.9\tex\latex\tools\array.sty"
Package: array 2016/10/06 v2.4d Tabular extension package (FMi)
\col@sep=\dimen190
\extrarowheight=\dimen191
\NC@list=\toks48
\extratabsurround=\skip80
\backup@length=\skip81
)
\rotheadsize=\dimen192
\c@nlinenum=\count153
\TeXr@lab=\toks49
)
\c@theorem=\count154
\c@claim=\count155
\c@observation=\count156
\c@lemma=\count157
\c@proposition=\count158
\c@definition=\count159
\c@example=\count160

(C:\Users\◊ú◊ô◊ê◊™\AppData\Roaming\MiKTeX\2.9\tex\latex\ms\ragged2e.sty
Package: ragged2e 2009/05/21 v2.1 ragged2e Package (MS)

(C:\Users\◊ú◊ô◊ê◊™\AppData\Roaming\MiKTeX\2.9\tex\latex\ms\everysel.sty
Package: everysel 2011/10/28 v1.2 EverySelectfont Package (MS)
)
\CenteringLeftskip=\skip82
\RaggedLeftLeftskip=\skip83
\RaggedRightLeftskip=\skip84
\CenteringRightskip=\skip85
\RaggedLeftRightskip=\skip86
\RaggedRightRightskip=\skip87
\CenteringParfillskip=\skip88
\RaggedLeftParfillskip=\skip89
\RaggedRightParfillskip=\skip90
\JustifyingParfillskip=\skip91
\CenteringParindent=\skip92
\RaggedLeftParindent=\skip93
\RaggedRightParindent=\skip94
\JustifyingParindent=\skip95
)
(DeadlinesJournalVer.aux

LaTeX Warning: Label `alg:approx' multiply defined.

)
\openout1 = `DeadlinesJournalVer.aux'.

LaTeX Font Info:    Checking defaults for OML/cmm/m/it on input line 135.
LaTeX Font Info:    ... okay on input line 135.
LaTeX Font Info:    Checking defaults for T1/cmr/m/n on input line 135.
LaTeX Font Info:    ... okay on input line 135.
LaTeX Font Info:    Checking defaults for OT1/cmr/m/n on input line 135.
LaTeX Font Info:    ... okay on input line 135.
LaTeX Font Info:    Checking defaults for OMS/cmsy/m/n on input line 135.
LaTeX Font Info:    ... okay on input line 135.
LaTeX Font Info:    Checking defaults for OMX/cmex/m/n on input line 135.
LaTeX Font Info:    ... okay on input line 135.
LaTeX Font Info:    Checking defaults for U/cmr/m/n on input line 135.
LaTeX Font Info:    ... okay on input line 135.
LaTeX Font Info:    Checking defaults for PD1/pdf/m/n on input line 135.
LaTeX Font Info:    ... okay on input line 135.
LaTeX Font Info:    Try loading font information for OT1+ptm on input line 135.

 ("C:\Program Files\MiKTeX 2.9\tex\latex\psnfss\ot1ptm.fd"
File: ot1ptm.fd 2001/06/04 font definitions for OT1/ptm.
)
(C:\Users\◊ú◊ô◊ê◊™\AppData\Roaming\MiKTeX\2.9\tex\context\base\supp-pdf.mkii
[Loading MPS to PDF converter (version 2006.09.02).]
\scratchcounter=\count161
\scratchdimen=\dimen193
\scratchbox=\box52
\nofMPsegments=\count162
\nofMParguments=\count163
\everyMPshowfont=\toks50
\MPscratchCnt=\count164
\MPscratchDim=\dimen194
\MPnumerator=\count165
\makeMPintoPDFobject=\count166
\everyMPtoPDFconversion=\toks51
) ("C:\Program Files\MiKTeX 2.9\tex\latex\oberdiek\epstopdf-base.sty"
Package: epstopdf-base 2016/05/15 v2.6 Base part for package epstopdf

("C:\Program Files\MiKTeX 2.9\tex\latex\oberdiek\grfext.sty"
Package: grfext 2016/05/16 v1.2 Manage graphics extensions (HO)
)
Package epstopdf-base Info: Redefining graphics rule for `.eps' on input line 4
38.
Package grfext Info: Graphics extension search list:
(grfext)             [.pdf,.png,.jpg,.mps,.jpeg,.jbig2,.jb2,.PDF,.PNG,.JPG,.JPE
G,.JBIG2,.JB2,.eps]
(grfext)             \AppendGraphicsExtensions on input line 456.
)
\AtBeginShipoutBox=\box53
Package hyperref Info: Link coloring OFF on input line 135.

("C:\Program Files\MiKTeX 2.9\tex\latex\hyperref\nameref.sty"
Package: nameref 2016/05/21 v2.44 Cross-referencing by name of section

("C:\Program Files\MiKTeX 2.9\tex\generic\oberdiek\gettitlestring.sty"
Package: gettitlestring 2016/05/16 v1.5 Cleanup title references (HO)
)
\c@section@level=\count167
)
LaTeX Info: Redefining \ref on input line 135.
LaTeX Info: Redefining \pageref on input line 135.
LaTeX Info: Redefining \nameref on input line 135.

(DeadlinesJournalVer.out) (DeadlinesJournalVer.out)
\@outlinefile=\write5
\openout5 = `DeadlinesJournalVer.out'.


ABD: EveryShipout initializing macros ABD: EverySelectfont initializing macros
LaTeX Info: Redefining \selectfont on input line 135.
LaTeX Font Info:    Font shape `OT1/ptm/bx/n' in size <10> not available
(Font)              Font shape `OT1/ptm/b/n' tried instead on input line 149.
LaTeX Font Info:    Try loading font information for U+lasy on input line 161.

("C:\Program Files\MiKTeX 2.9\tex\latex\base\ulasy.fd"
File: ulasy.fd 1998/08/17 v2.2e LaTeX symbol font definitions
)
LaTeX Font Info:    Try loading font information for U+msa on input line 161.

("C:\Program Files\MiKTeX 2.9\tex\latex\amsfonts\umsa.fd"
File: umsa.fd 2013/01/14 v3.01 AMS symbols A
)
LaTeX Font Info:    Try loading font information for U+msb on input line 161.

("C:\Program Files\MiKTeX 2.9\tex\latex\amsfonts\umsb.fd"
File: umsb.fd 2013/01/14 v3.01 AMS symbols B
)
LaTeX Font Info:    Try loading font information for U+rsfs on input line 161.

("C:\Program Files\MiKTeX 2.9\tex\latex\jknappen\ursfs.fd"
File: ursfs.fd 1998/03/24 rsfs font definition file (jk)
)
LaTeX Font Info:    Try loading font information for OT1+phv on input line 175.


("C:\Program Files\MiKTeX 2.9\tex\latex\psnfss\ot1phv.fd"
File: ot1phv.fd 2001/06/04 scalable font definitions for OT1/phv.
) [1


{C:/Users/◊ú◊ô◊ê◊™/AppData/Local/MiKTeX/2.9/pdftex/config/pdftex.map}] [2] [3] 
[4] [5] [6]
[7]
LaTeX Font Info:    Font shape `OT1/ptm/bx/n' in size <7> not available
(Font)              Font shape `OT1/ptm/b/n' tried instead on input line 386.
 [8] [9] [10] [11] [12]
Overfull \hbox (1.97078pt too wide) in paragraph at lines 678--688
\OT1/ptm/m/it/10 peats in all steps so, af-ter $\OML/cmm/m/it/10 n$ \OT1/ptm/m/
it/10 steps, we get a ran-dom vari-able $\OML/cmm/m/it/10 X[]$ \OT1/ptm/m/it/10
 such that $\OML/cmm/m/it/10 P[]\OT1/cmr/m/n/10 (0) []
 []


Overfull \hbox (3.59302pt too wide) in paragraph at lines 678--688
\OML/cmm/m/it/10 "$\OT1/ptm/m/it/10 . There-fore, $\OML/cmm/m/it/10 P[]\OT1/cmr
/m/n/10 (0)[]\OML/cmm/m/it/10 P[]\OT1/cmr/m/n/10 (0)$ \OT1/ptm/m/it/10 ap-proac
hes $\OML/cmm/m/it/10 "$ \OT1/ptm/m/it/10 as $\OML/cmm/m/it/10 $ \OT1/ptm/m/it
/10 ap-proaches
 []

LaTeX Font Info:    Try loading font information for OT1+pcr on input line 715.

("C:\Program Files\MiKTeX 2.9\tex\latex\psnfss\ot1pcr.fd"
File: ot1pcr.fd 2001/06/04 font definitions for OT1/pcr.
) [13]

Package amsmath Warning: Foreign command \atopwithdelims;
(amsmath)                \frac or \genfrac should be used instead
(amsmath)                 on input line 749.

[14] [15] [16] [17] [18] [19] [20] [21] [22] [23] [24]
<plan1.png, id=326, 1074.0125pt x 479.7925pt>
File: plan1.png Graphic file (type png)
<use plan1.png>
Package pdftex.def Info: plan1.png  used on input line 1246. on input line 1246
.
Package pdftex.def Info: Requested size: 345.0pt x 154.1224pt on input line 124
6.
<plan2.png, id=327, 1074.0125pt x 479.7925pt>
File: plan2.png Graphic file (type png)
<use plan2.png>
Package pdftex.def Info: plan2.png  used on input line 1254. on input line 1254
.
Package pdftex.def Info: Requested size: 345.0pt x 154.1224pt on input line 125
4.
<plan31.png, id=328, 628.3475pt x 404.51125pt>
File: plan31.png Graphic file (type png)
<use plan31.png>
Package pdftex.def Info: plan31.png  used on input line 1263. on input line 126
3.
Package pdftex.def Info: Requested size: 345.0pt x 222.09918pt on input line 12
63.
 [25 <./plan1.png (PNG copy)>] [26 <./plan2.png (PNG copy)> <./plan31.png>]
Overfull \hbox (7.56538pt too wide) in paragraph at lines 1284--1295
[]\OT1/ptm/m/n/10 We ran the ex-act al-go-rithm, our ap-prox-i-ma-tion al-go-ri
thm with $\OML/cmm/m/it/10 " \OMS/cmsy/m/n/10 2 f\OT1/cmr/m/n/10 0\OML/cmm/m/it
/10 :\OT1/cmr/m/n/10 1\OML/cmm/m/it/10 ; \OT1/cmr/m/n/10 0\OML/cmm/m/it/10 :\OT
1/cmr/m/n/10 01\OML/cmm/m/it/10 ; \OT1/cmr/m/n/10 0\OML/cmm/m/it/10 :\OT1/cmr/m
/n/10 001\OMS/cmsy/m/n/10 g$\OT1/ptm/m/n/10 ,
 []

[27]
Overfull \hbox (15.05046pt too wide) in paragraph at lines 1386--1386
[]|[]| 
 []


Overfull \hbox (5.15456pt too wide) in paragraph at lines 1386--1386
[]|\OT1/ptm/m/n/8 47| 
 []


Underfull \hbox (badness 10000) in paragraph at lines 1386--1386
[]|\OT1/ptm/m/n/8 [-0.0052,
 []


Underfull \hbox (badness 10000) in paragraph at lines 1386--1386
[]|\OT1/ptm/m/n/8 [-0.0004,
 []


Underfull \hbox (badness 10000) in paragraph at lines 1386--1386
[]|\OT1/ptm/m/n/8 [-$\OT1/cmr/m/n/8 3\OML/cmm/m/it/8 :\OT1/cmr/m/n/8 2[]10[]$\O
T1/ptm/m/n/8 ,
 []


Overfull \hbox (4.92818pt too wide) in paragraph at lines 1386--1386
\OT1/ptm/m/n/8 0.0206|  
 []


Overfull \hbox (4.92818pt too wide) in paragraph at lines 1386--1386
\OT1/ptm/m/n/8 0.0072|  
 []


Overfull \hbox (4.92818pt too wide) in paragraph at lines 1386--1386
\OT1/ptm/m/n/8 0.0031|  
 []


Overfull \hbox (4.92818pt too wide) in paragraph at lines 1386--1386
\OT1/ptm/m/n/8 0.0009|  
 []


Overfull \hbox (4.92818pt too wide) in paragraph at lines 1386--1386
\OT1/ptm/m/n/8 0.0001|  
 []


Overfull \hbox (5.15456pt too wide) in paragraph at lines 1387--1387
[]|\OT1/ptm/m/n/8 47| 
 []


Underfull \hbox (badness 10000) in paragraph at lines 1387--1387
[]|\OT1/ptm/m/n/8 [-0.0096,
 []


Underfull \hbox (badness 10000) in paragraph at lines 1387--1387
[]|\OT1/ptm/m/n/8 [-0.0009,
 []


Underfull \hbox (badness 10000) in paragraph at lines 1387--1387
[]|\OT1/ptm/m/n/8 [-$\OT1/cmr/m/n/8 9\OML/cmm/m/it/8 :\OT1/cmr/m/n/8 2[]10[]$\O
T1/ptm/m/n/8 ,
 []


Overfull \hbox (4.92818pt too wide) in paragraph at lines 1387--1387
\OT1/ptm/m/n/8 0.0476|  
 []


Overfull \hbox (4.92818pt too wide) in paragraph at lines 1387--1387
\OT1/ptm/m/n/8 0.0075|  
 []


Overfull \hbox (4.92818pt too wide) in paragraph at lines 1387--1387
\OT1/ptm/m/n/8 0.0046|  
 []


Overfull \hbox (4.92818pt too wide) in paragraph at lines 1387--1387
\OT1/ptm/m/n/8 0.0011|  
 []


Overfull \hbox (4.92818pt too wide) in paragraph at lines 1387--1387
\OT1/ptm/m/n/8 0.0001|  
 []


Overfull \hbox (5.15456pt too wide) in paragraph at lines 1388--1388
[]|\OT1/ptm/m/n/8 47| 
 []


Overfull \hbox (2.30954pt too wide) in paragraph at lines 1388--1388
[]|\OT1/ptm/m/n/8 10| 
 []


Underfull \hbox (badness 10000) in paragraph at lines 1388--1388
[]|\OT1/ptm/m/n/8 [-0.014,
 []


Underfull \hbox (badness 10000) in paragraph at lines 1388--1388
[]|\OT1/ptm/m/n/8 [-0.0014,
 []


Underfull \hbox (badness 10000) in paragraph at lines 1388--1388
[]|\OT1/ptm/m/n/8 [-$\OT1/cmr/m/n/8 9\OML/cmm/m/it/8 :\OT1/cmr/m/n/8 5[]10[]$\O
T1/ptm/m/n/8 ,
 []


Overfull \hbox (4.92818pt too wide) in paragraph at lines 1388--1388
\OT1/ptm/m/n/8 0.0236|  
 []


Overfull \hbox (4.92818pt too wide) in paragraph at lines 1388--1388
\OT1/ptm/m/n/8 0.0083|  
 []


Overfull \hbox (4.92818pt too wide) in paragraph at lines 1388--1388
\OT1/ptm/m/n/8 0.0024|  
 []


Overfull \hbox (4.92818pt too wide) in paragraph at lines 1388--1388
\OT1/ptm/m/n/8 0.0015|  
 []


Overfull \hbox (4.92818pt too wide) in paragraph at lines 1388--1388
\OT1/ptm/m/n/8 0.0003|  
 []


Overfull \hbox (13.84244pt too wide) in paragraph at lines 1389--1389
[]|[]| 
 []


Overfull \hbox (5.15456pt too wide) in paragraph at lines 1389--1389
[]|\OT1/ptm/m/n/8 57| 
 []


Underfull \hbox (badness 10000) in paragraph at lines 1389--1389
[]|\OT1/ptm/m/n/8 [-0.0039,
 []


Underfull \hbox (badness 10000) in paragraph at lines 1389--1389
[]|\OT1/ptm/m/n/8 [-0.0003,
 []


Underfull \hbox (badness 10000) in paragraph at lines 1389--1389
[]|\OT1/ptm/m/n/8 [-$\OT1/cmr/m/n/8 3\OML/cmm/m/it/8 :\OT1/cmr/m/n/8 1[]10[]$\O
T1/ptm/m/n/8 ,
 []


Overfull \hbox (4.92818pt too wide) in paragraph at lines 1389--1389
\OT1/ptm/m/n/8 0.0166|  
 []


Overfull \hbox (4.92818pt too wide) in paragraph at lines 1389--1389
\OT1/ptm/m/n/8 0.0067|  
 []


Overfull \hbox (0.92818pt too wide) in paragraph at lines 1389--1389
\OT1/ptm/m/n/8 0.002|  
 []


Overfull \hbox (4.92818pt too wide) in paragraph at lines 1389--1389
\OT1/ptm/m/n/8 0.0008|  
 []


Overfull \hbox (4.92818pt too wide) in paragraph at lines 1389--1389
\OT1/ptm/m/n/8 0.0003|  
 []


Overfull \hbox (5.15456pt too wide) in paragraph at lines 1390--1390
[]|\OT1/ptm/m/n/8 57| 
 []


Underfull \hbox (badness 10000) in paragraph at lines 1390--1390
[]|\OT1/ptm/m/n/8 [-0.0038,
 []


Underfull \hbox (badness 10000) in paragraph at lines 1390--1390
[]|\OT1/ptm/m/n/8 [-0.0004,
 []


Underfull \hbox (badness 10000) in paragraph at lines 1390--1390
[]|\OT1/ptm/m/n/8 [-$\OT1/cmr/m/n/8 3\OML/cmm/m/it/8 :\OT1/cmr/m/n/8 6[]10[]$\O
T1/ptm/m/n/8 ,
 []


Overfull \hbox (4.92818pt too wide) in paragraph at lines 1390--1390
\OT1/ptm/m/n/8 0.0232|  
 []


Overfull \hbox (4.92818pt too wide) in paragraph at lines 1390--1390
\OT1/ptm/m/n/8 0.0125|  
 []


Overfull \hbox (4.92818pt too wide) in paragraph at lines 1390--1390
\OT1/ptm/m/n/8 0.0022|  
 []


Overfull \hbox (4.92818pt too wide) in paragraph at lines 1390--1390
\OT1/ptm/m/n/8 0.0014|  
 []


Overfull \hbox (4.92818pt too wide) in paragraph at lines 1390--1390
\OT1/ptm/m/n/8 0.0003|  
 []


Overfull \hbox (5.15456pt too wide) in paragraph at lines 1391--1391
[]|\OT1/ptm/m/n/8 57| 
 []


Overfull \hbox (2.30954pt too wide) in paragraph at lines 1391--1391
[]|\OT1/ptm/m/n/8 10| 
 []


Underfull \hbox (badness 10000) in paragraph at lines 1391--1391
[]|\OT1/ptm/m/n/8 [-0.0047,
 []


Underfull \hbox (badness 10000) in paragraph at lines 1391--1391
[]|\OT1/ptm/m/n/8 [-0.0004,
 []


Underfull \hbox (badness 10000) in paragraph at lines 1391--1391
[]|\OT1/ptm/m/n/8 [-$\OT1/cmr/m/n/8 3\OML/cmm/m/it/8 :\OT1/cmr/m/n/8 8[]10[]$\O
T1/ptm/m/n/8 ,
 []


Overfull \hbox (4.92818pt too wide) in paragraph at lines 1391--1391
\OT1/ptm/m/n/8 0.0255|  
 []


Overfull \hbox (4.92818pt too wide) in paragraph at lines 1391--1391
\OT1/ptm/m/n/8 0.0117|  
 []


Overfull \hbox (4.92818pt too wide) in paragraph at lines 1391--1391
\OT1/ptm/m/n/8 0.0029|  
 []


Overfull \hbox (4.92818pt too wide) in paragraph at lines 1391--1391
\OT1/ptm/m/n/8 0.0011|  
 []


Overfull \hbox (4.92818pt too wide) in paragraph at lines 1391--1391
\OT1/ptm/m/n/8 0.0003|  
 []


Overfull \hbox (23.15436pt too wide) in paragraph at lines 1392--1392
[]|[]| 
 []


Overfull \hbox (5.15456pt too wide) in paragraph at lines 1392--1392
[]|\OT1/ptm/m/n/8 18| 
 []


Overfull \hbox (2.30954pt too wide) in paragraph at lines 1392--1392
[]|\OT1/ptm/m/n/8 10| 
 []


Underfull \hbox (badness 10000) in paragraph at lines 1392--1392
[]|\OT1/ptm/m/n/8 [-0.0041,
 []


Underfull \hbox (badness 10000) in paragraph at lines 1392--1392
[]|\OT1/ptm/m/n/8 [-0.0003,
 []


Underfull \hbox (badness 10000) in paragraph at lines 1392--1392
[]|\OT1/ptm/m/n/8 [-$\OT1/cmr/m/n/8 3\OML/cmm/m/it/8 :\OT1/cmr/m/n/8 5[]10[]$\O
T1/ptm/m/n/8 ,
 []


Overfull \hbox (0.92818pt too wide) in paragraph at lines 1392--1392
\OT1/ptm/m/n/8 0.018|  
 []


Overfull \hbox (4.92818pt too wide) in paragraph at lines 1392--1392
\OT1/ptm/m/n/8 0.0054|  
 []


Overfull \hbox (4.92818pt too wide) in paragraph at lines 1392--1392
\OT1/ptm/m/n/8 0.0027|  
 []


Overfull \hbox (4.92818pt too wide) in paragraph at lines 1392--1392
\OT1/ptm/m/n/8 0.0006|  
 []


Overfull \hbox (4.92818pt too wide) in paragraph at lines 1392--1392
\OT1/ptm/m/n/8 0.0002|  
 []


Overfull \hbox (5.15456pt too wide) in paragraph at lines 1393--1393
[]|\OT1/ptm/m/n/8 18| 
 []


Overfull \hbox (2.30954pt too wide) in paragraph at lines 1393--1393
[]|\OT1/ptm/m/n/8 20| 
 []


Underfull \hbox (badness 10000) in paragraph at lines 1393--1393
[]|\OT1/ptm/m/n/8 [-0.0038,
 []


Underfull \hbox (badness 10000) in paragraph at lines 1393--1393
[]|\OT1/ptm/m/n/8 [-0.0006,
 []


Underfull \hbox (badness 10000) in paragraph at lines 1393--1393
[]|\OT1/ptm/m/n/8 [-$\OT1/cmr/m/n/8 3[]10[]$\OT1/ptm/m/n/8 ,
 []


Overfull \hbox (0.92818pt too wide) in paragraph at lines 1393--1393
\OT1/ptm/m/n/8 0.027|  
 []


Overfull \hbox (4.92818pt too wide) in paragraph at lines 1393--1393
\OT1/ptm/m/n/8 0.0046|  
 []


Overfull \hbox (4.92818pt too wide) in paragraph at lines 1393--1393
\OT1/ptm/m/n/8 0.0015|  
 []


Overfull \hbox (4.92818pt too wide) in paragraph at lines 1393--1393
\OT1/ptm/m/n/8 0.0008|  
 []


Overfull \hbox (4.92818pt too wide) in paragraph at lines 1393--1393
\OT1/ptm/m/n/8 0.0002|  
 []


Overfull \hbox (30.49011pt too wide) in paragraph at lines 1394--1394
[]|[]| 
 []


Overfull \hbox (5.15456pt too wide) in paragraph at lines 1394--1394
[]|\OT1/ptm/m/n/8 34| 
 []


Underfull \hbox (badness 10000) in paragraph at lines 1394--1394
[]|\OT1/ptm/m/n/8 [-0.0019,
 []


Overfull \hbox (4.92818pt too wide) in paragraph at lines 1394--1394
\OT1/ptm/m/n/8 0.0168|  
 []


Overfull \hbox (0.92818pt too wide) in paragraph at lines 1394--1394
\OT1/ptm/m/n/8 0.007|  
 []


Overfull \hbox (0.92818pt too wide) in paragraph at lines 1394--1394
\OT1/ptm/m/n/8 0.001|  
 []


Overfull \hbox (4.92818pt too wide) in paragraph at lines 1394--1394
\OT1/ptm/m/n/8 0.0009|  
 []


Overfull \hbox (4.92818pt too wide) in paragraph at lines 1394--1394
\OT1/ptm/m/n/8 0.0002|  
 []


Overfull \hbox (5.15456pt too wide) in paragraph at lines 1395--1395
[]|\OT1/ptm/m/n/8 34| 
 []


Underfull \hbox (badness 10000) in paragraph at lines 1395--1395
[]|\OT1/ptm/m/n/8 [-0.0068,
 []


Underfull \hbox (badness 10000) in paragraph at lines 1395--1395
[]|\OT1/ptm/m/n/8 [-0.0006,
 []


Underfull \hbox (badness 10000) in paragraph at lines 1395--1395
[]|\OT1/ptm/m/n/8 [-$\OT1/cmr/m/n/8 3\OML/cmm/m/it/8 :\OT1/cmr/m/n/8 4[]10[]$\O
T1/ptm/m/n/8 ,
 []


Overfull \hbox (0.92818pt too wide) in paragraph at lines 1395--1395
\OT1/ptm/m/n/8 0.025|  
 []


Overfull \hbox (4.92818pt too wide) in paragraph at lines 1395--1395
\OT1/ptm/m/n/8 0.0057|  
 []


Overfull \hbox (4.92818pt too wide) in paragraph at lines 1395--1395
\OT1/ptm/m/n/8 0.0032|  
 []


Overfull \hbox (4.92818pt too wide) in paragraph at lines 1395--1395
\OT1/ptm/m/n/8 0.0005|  
 []


Overfull \hbox (4.92818pt too wide) in paragraph at lines 1395--1395
\OT1/ptm/m/n/8 0.0003|  
 []


Overfull \hbox (5.15456pt too wide) in paragraph at lines 1396--1396
[]|\OT1/ptm/m/n/8 34| 
 []


Overfull \hbox (2.30954pt too wide) in paragraph at lines 1396--1396
[]|\OT1/ptm/m/n/8 10| 
 []


Underfull \hbox (badness 10000) in paragraph at lines 1396--1396
[]|\OT1/ptm/m/n/8 [-0.008,
 []


Underfull \hbox (badness 10000) in paragraph at lines 1396--1396
[]|\OT1/ptm/m/n/8 [-0.0009,
 []


Overfull \hbox (0.92818pt too wide) in paragraph at lines 1396--1396
\OT1/ptm/m/n/8 0.018|  
 []


Overfull \hbox (0.92818pt too wide) in paragraph at lines 1396--1396
\OT1/ptm/m/n/8 0.011|  
 []


Overfull \hbox (0.92818pt too wide) in paragraph at lines 1396--1396
\OT1/ptm/m/n/8 0.003|  
 []


Overfull \hbox (4.92818pt too wide) in paragraph at lines 1396--1396
\OT1/ptm/m/n/8 0.0009|  
 []


Overfull \hbox (4.92818pt too wide) in paragraph at lines 1396--1396
\OT1/ptm/m/n/8 0.0004|  
 []


Overfull \hbox (30.49011pt too wide) in paragraph at lines 1397--1397
[]|[]| 
 []


Overfull \hbox (5.15456pt too wide) in paragraph at lines 1397--1397
[]|\OT1/ptm/m/n/8 45| 
 []


Underfull \hbox (badness 10000) in paragraph at lines 1397--1397
[]|\OT1/ptm/m/n/8 [-0.002,
 []


Overfull \hbox (0.92818pt too wide) in paragraph at lines 1397--1397
\OT1/ptm/m/n/8 0.013|  
 []


Overfull \hbox (0.92818pt too wide) in paragraph at lines 1397--1397
\OT1/ptm/m/n/8 0.015|  
 []


Overfull \hbox (0.92818pt too wide) in paragraph at lines 1397--1397
\OT1/ptm/m/n/8 0.004|  
 []


Overfull \hbox (0.92818pt too wide) in paragraph at lines 1397--1397
\OT1/ptm/m/n/8 0.001|  
 []


Overfull \hbox (4.92818pt too wide) in paragraph at lines 1397--1397
\OT1/ptm/m/n/8 0.0003|  
 []


Overfull \hbox (5.15456pt too wide) in paragraph at lines 1398--1398
[]|\OT1/ptm/m/n/8 45| 
 []


Underfull \hbox (badness 10000) in paragraph at lines 1398--1398
[]|\OT1/ptm/m/n/8 [-0.004,
 []


Underfull \hbox (badness 10000) in paragraph at lines 1398--1398
[]|\OT1/ptm/m/n/8 [-0.0004,
 []


Underfull \hbox (badness 10000) in paragraph at lines 1398--1398
[]|\OT1/ptm/m/n/8 [-$\OT1/cmr/m/n/8 3\OML/cmm/m/it/8 :\OT1/cmr/m/n/8 3[]10[]$\O
T1/ptm/m/n/8 ,
 []


Overfull \hbox (0.92818pt too wide) in paragraph at lines 1398--1398
\OT1/ptm/m/n/8 0.036|  
 []


Overfull \hbox (0.92818pt too wide) in paragraph at lines 1398--1398
\OT1/ptm/m/n/8 0.008|  
 []


Overfull \hbox (0.92818pt too wide) in paragraph at lines 1398--1398
\OT1/ptm/m/n/8 0.002|  
 []


Overfull \hbox (4.92818pt too wide) in paragraph at lines 1398--1398
\OT1/ptm/m/n/8 0.0006|  
 []


Overfull \hbox (4.92818pt too wide) in paragraph at lines 1398--1398
\OT1/ptm/m/n/8 0.0002|  
 []


Overfull \hbox (5.15456pt too wide) in paragraph at lines 1399--1399
[]|\OT1/ptm/m/n/8 45| 
 []


Overfull \hbox (2.30954pt too wide) in paragraph at lines 1399--1399
[]|\OT1/ptm/m/n/8 10| 
 []


Underfull \hbox (badness 10000) in paragraph at lines 1399--1399
[]|\OT1/ptm/m/n/8 [-0.005,
 []


Underfull \hbox (badness 10000) in paragraph at lines 1399--1399
[]|\OT1/ptm/m/n/8 [-0.0004,
 []


Overfull \hbox (0.92818pt too wide) in paragraph at lines 1399--1399
\OT1/ptm/m/n/8 0.013|  
 []


Overfull \hbox (0.92818pt too wide) in paragraph at lines 1399--1399
\OT1/ptm/m/n/8 0.002|  
 []


Overfull \hbox (0.92818pt too wide) in paragraph at lines 1399--1399
\OT1/ptm/m/n/8 0.001|  
 []


Overfull \hbox (4.92818pt too wide) in paragraph at lines 1399--1399
\OT1/ptm/m/n/8 0.0002|  
 []


Overfull \hbox (27.04553pt too wide) in paragraph at lines 1382--1403
[][] 
 []


Overfull \hbox (37.11313pt too wide) in paragraph at lines 1415--1434
[][] 
 []


Underfull \hbox (badness 10000) in paragraph at lines 1446--1446
[]|\OT1/ptm/m/n/8 [-0.027,
 []


Underfull \hbox (badness 10000) in paragraph at lines 1446--1446
[]|\OT1/ptm/m/n/8 [-0.0027,
 []


Underfull \hbox (badness 10000) in paragraph at lines 1446--1446
[]|\OT1/ptm/m/n/8 [-$\OT1/cmr/m/n/8 2\OML/cmm/m/it/8 :\OT1/cmr/m/n/8 2[]10[]$\O
T1/ptm/m/n/8 ,
 []


Underfull \hbox (badness 10000) in paragraph at lines 1447--1447
[]|\OT1/ptm/m/n/8 [-0.0316,
 []


Underfull \hbox (badness 10000) in paragraph at lines 1447--1447
[]|\OT1/ptm/m/n/8 [0.0033,
 []


Overfull \hbox (3.10837pt too wide) in paragraph at lines 1447--1447
[]|\OT1/ptm/m/n/8 [$\OMS/cmsy/m/n/8  \OT1/cmr/m/n/8 2\OML/cmm/m/it/8 :\OT1/cmr/
m/n/8 6[]10[]$\OT1/ptm/m/n/8 ,
 []


Underfull \hbox (badness 10000) in paragraph at lines 1448--1448
[]|\OT1/ptm/m/n/8 [-0.02,
 []


Underfull \hbox (badness 10000) in paragraph at lines 1448--1448
[]|\OT1/ptm/m/n/8 [-0.0015,
 []


Underfull \hbox (badness 10000) in paragraph at lines 1448--1448
[]|\OT1/ptm/m/n/8 [-$\OT1/cmr/m/n/8 1\OML/cmm/m/it/8 :\OT1/cmr/m/n/8 6[]10[]$\O
T1/ptm/m/n/8 ,
 []


Underfull \hbox (badness 10000) in paragraph at lines 1449--1449
[]|\OT1/ptm/m/n/8 [-0.026,
 []


Underfull \hbox (badness 10000) in paragraph at lines 1449--1449
[]|\OT1/ptm/m/n/8 [-0.0025,
 []


Underfull \hbox (badness 10000) in paragraph at lines 1449--1449
[]|\OT1/ptm/m/n/8 [-$\OT1/cmr/m/n/8 2\OML/cmm/m/it/8 :\OT1/cmr/m/n/8 7[]10[]$\O
T1/ptm/m/n/8 ,
 []


Underfull \hbox (badness 10000) in paragraph at lines 1450--1450
[]|\OT1/ptm/m/n/8 [-0.027,
 []


Underfull \hbox (badness 10000) in paragraph at lines 1450--1450
[]|\OT1/ptm/m/n/8 [-0.0028,
 []


Underfull \hbox (badness 10000) in paragraph at lines 1450--1450
[]|\OT1/ptm/m/n/8 [-$\OT1/cmr/m/n/8 3[]10[]$\OT1/ptm/m/n/8 ,
 []


Underfull \hbox (badness 10000) in paragraph at lines 1451--1451
[]|\OT1/ptm/m/n/8 [-0.032,
 []


Underfull \hbox (badness 10000) in paragraph at lines 1451--1451
[]|\OT1/ptm/m/n/8 [-0.0028,
 []


Underfull \hbox (badness 10000) in paragraph at lines 1451--1451
[]|\OT1/ptm/m/n/8 [-$\OT1/cmr/m/n/8 2\OML/cmm/m/it/8 :\OT1/cmr/m/n/8 8[]10[]$\O
T1/ptm/m/n/8 ,
 []


Underfull \hbox (badness 10000) in paragraph at lines 1452--1452
[]|\OT1/ptm/m/n/8 [-0.035,
 []


Underfull \hbox (badness 10000) in paragraph at lines 1452--1452
[]|\OT1/ptm/m/n/8 [-0.0036,
 []


Underfull \hbox (badness 10000) in paragraph at lines 1452--1452
[]|\OT1/ptm/m/n/8 [-$\OT1/cmr/m/n/8 3\OML/cmm/m/it/8 :\OT1/cmr/m/n/8 9[]10[]$\O
T1/ptm/m/n/8 ,
 []


Underfull \hbox (badness 10000) in paragraph at lines 1453--1453
[]|\OT1/ptm/m/n/8 [-0.037,
 []


Underfull \hbox (badness 10000) in paragraph at lines 1453--1453
[]|\OT1/ptm/m/n/8 [-0.004,
 []


Underfull \hbox (badness 10000) in paragraph at lines 1453--1453
[]|\OT1/ptm/m/n/8 [-$\OT1/cmr/m/n/8 4\OML/cmm/m/it/8 :\OT1/cmr/m/n/8 2[]10[]$\O
T1/ptm/m/n/8 ,
 []


Overfull \hbox (23.82101pt too wide) in paragraph at lines 1442--1457
[][] 
 []


Overfull \hbox (9.42184pt too wide) in paragraph at lines 1468--1482
[][] 
 []

[28] [29] [30] [31] [32] [33] [34] [35]
Overfull \hbox (0.77736pt too wide) in paragraph at lines 1740--1741
 []\OT1/ptm/m/it/10 Focused trim-ming.[] \OT1/ptm/m/n/10 An-other op-tion is, w
hen given a spe-cific thresh-old, try-ing for higher
 []

[36] [37]
Missing character: There is no ‚ in font ptmr7t!
Missing character: There is no Ä in font ptmr7t!
Missing character: There is no ì in font ptmr7t!
 [38]
Overfull \hbox (0.27614pt too wide) in paragraph at lines 1793--1797
\OT1/ptm/m/n/10 stochas-tic project schedul-ing and dis-cuss the po-ten-tials o
f these ap-proaches for schedul-
 []

[39] [40] [41] (DeadlinesJournalVer.bbl
Missing character: There is no ‚ in font ptmr7t!
Missing character: There is no Ä in font ptmr7t!
Missing character: There is no ô in font ptmr7t!
 [42] [43] [44]
Missing character: There is no ‚ in font ptmr7t!
Missing character: There is no Ä in font ptmr7t!
Missing character: There is no ì in font ptmr7t!

Underfull \hbox (badness 1337) in paragraph at lines 158--165
\OT1/ptm/m/n/10 (2006) 1189 -- 1207.  []$\OT1/pcr/m/n/10 doi : http : / / dx . 
doi . org / 10 . 1016 / j . mcm .
 []


Underfull \hbox (badness 10000) in paragraph at lines 158--165
\OT1/ptm/m/n/10 URL []$\OT1/pcr/m/n/10 http : / / www . sciencedirect . com / s
cience / article / pii /
 []

[45]) [46]
Package atveryend Info: Empty hook `BeforeClearDocument' on input line 1813.
Package atveryend Info: Empty hook `AfterLastShipout' on input line 1813.
 (DeadlinesJournalVer.aux)
Package atveryend Info: Executing hook `AtVeryEndDocument' on input line 1813.
Package atveryend Info: Executing hook `AtEndAfterFileList' on input line 1813.

Package rerunfilecheck Info: File `DeadlinesJournalVer.out' has not changed.
(rerunfilecheck)             Checksum: CEDCAB53C19E7BE90869B966540C6025;629.


LaTeX Warning: There were multiply-defined labels.

Package atveryend Info: Empty hook `AtVeryVeryEnd' on input line 1813.
 ) 
Here is how much of TeX's memory you used:
 21056 strings out of 493312
 395751 string characters out of 3138889
 559737 words of memory out of 3000000
 23967 multiletter control sequences out of 15000+200000
 35210 words of font info for 87 fonts, out of 3000000 for 9000
 1141 hyphenation exceptions out of 8191
 62i,16n,77p,2281b,1343s stack positions out of 5000i,500n,10000p,200000b,50000s
{C:/Program Files/MiKTeX 2.9/fonts/enc/dvips/base/8r.enc}<C:/Program Files/Mi
KTeX 2.9/fonts/type1/public/amsfonts/cm/cmex10.pfb><C:/Program Files/MiKTeX 2.9
/fonts/type1/public/amsfonts/cmextra/cmex7.pfb><C:/Program Files/MiKTeX 2.9/fon
ts/type1/public/amsfonts/cm/cmmi10.pfb><C:/Program Files/MiKTeX 2.9/fonts/type1
/public/amsfonts/cm/cmmi5.pfb><C:/Program Files/MiKTeX 2.9/fonts/type1/public/a
msfonts/cm/cmmi7.pfb><C:/Program Files/MiKTeX 2.9/fonts/type1/public/amsfonts/c
m/cmmi8.pfb><C:/Program Files/MiKTeX 2.9/fonts/type1/public/amsfonts/cm/cmr10.p
fb><C:/Program Files/MiKTeX 2.9/fonts/type1/public/amsfonts/cm/cmr5.pfb><C:/Pro
gram Files/MiKTeX 2.9/fonts/type1/public/amsfonts/cm/cmr6.pfb><C:/Program Files
/MiKTeX 2.9/fonts/type1/public/amsfonts/cm/cmr7.pfb><C:/Program Files/MiKTeX 2.
9/fonts/type1/public/amsfonts/cm/cmr8.pfb><C:/Program Files/MiKTeX 2.9/fonts/ty
pe1/public/amsfonts/cm/cmsy10.pfb><C:/Program Files/MiKTeX 2.9/fonts/type1/publ
ic/amsfonts/cm/cmsy5.pfb><C:/Program Files/MiKTeX 2.9/fonts/type1/public/amsfon
ts/cm/cmsy6.pfb><C:/Program Files/MiKTeX 2.9/fonts/type1/public/amsfonts/cm/cms
y7.pfb><C:/Program Files/MiKTeX 2.9/fonts/type1/public/amsfonts/cm/cmsy8.pfb><C
:/Program Files/MiKTeX 2.9/fonts/type1/public/amsfonts/symbols/msbm10.pfb><C:/P
rogram Files/MiKTeX 2.9/fonts/type1/urw/courier/ucrr8a.pfb><C:/Program Files/Mi
KTeX 2.9/fonts/type1/urw/helvetic/uhvr8a.pfb><C:/Program Files/MiKTeX 2.9/fonts
/type1/urw/times/utmb8a.pfb><C:/Program Files/MiKTeX 2.9/fonts/type1/urw/times/
utmr8a.pfb><C:/Program Files/MiKTeX 2.9/fonts/type1/urw/times/utmri8a.pfb>
Output written on DeadlinesJournalVer.pdf (46 pages, 607253 bytes).
PDF statistics:
 688 PDF objects out of 1000 (max. 8388607)
 214 named destinations out of 1000 (max. 500000)
 122 words of extra memory for PDF output out of 10000 (max. 10000000)

